[2015-02-16 02:28:16] START
[2015-02-16 02:30:26] EDIT ballislife/views/generic.html: -6
[2015-02-16 02:30:55] EDIT ballislife/views/generic.html: 6
[2015-02-16 02:31:01] EDIT ballislife/views/default/index.html: -24
[2015-02-16 02:33:24] EDIT ballislife/views/default/index.html: 0
[2015-02-16 03:00:06] EDIT ballislife/views/default/index.html: 7
[2015-02-16 03:01:01] EDIT ballislife/views/default/index.html: 0
[2015-02-16 03:06:14] EDIT ballislife/views/layout.html: -74
[2015-02-16 03:06:25] EDIT ballislife/views/layout.html: 22
[2015-02-16 03:06:36] EDIT ballislife/views/layout.html: 52
[2015-02-16 03:08:07] EDIT ballislife/views/layout.html: 0
[2015-02-16 03:08:34] EDIT ballislife/views/layout.html: 0
[2015-02-16 03:08:45] EDIT ballislife/views/layout.html: 0
[2015-02-16 03:10:35] EDIT ballislife/views/default/index.html: -1
[2015-02-16 03:19:03] EDIT ballislife/views/default/index.html: 9
[2015-02-16 03:20:17] EDIT ballislife/views/default/index.html: 0
[2015-02-16 03:20:29] EDIT ballislife/views/default/index.html: -1
[2015-02-16 03:22:33] EDIT ballislife/views/default/index.html: 0
[2015-02-16 03:24:16] EDIT ballislife/views/default/index.html: 0
[2015-02-16 03:26:21] EDIT ballislife/static/css/bootstrap.min.css: 0
[2015-02-16 03:26:31] EDIT ballislife/static/css/bootstrap.min.css: 0
[2015-02-16 03:27:27] EDIT ballislife/views/default/index.html: 0
[2015-02-16 03:28:07] EDIT ballislife/static/css/bootstrap.min.css: 0
[2015-02-16 03:28:15] EDIT ballislife/static/css/bootstrap.min.css: 0
[2015-02-16 03:32:55] EDIT ballislife/views/default/index.html: 1
[2015-02-16 03:36:23] EDIT ballislife/views/default/index.html: 0
[2015-02-16 03:40:52] EDIT ballislife/views/default/index.html: -6
[2015-02-16 03:44:10] EDIT ballislife/views/default/index.html: 1
[2015-02-16 03:47:45] EDIT ballislife/views/default/index.html: 4
[2015-02-16 03:49:07] EDIT ballislife/views/default/index.html: 10
[2015-02-16 03:49:32] EDIT ballislife/views/default/index.html: -1
[2015-02-16 03:50:29] EDIT ballislife/views/default/index.html: 0
[2015-02-16 03:50:44] EDIT ballislife/views/default/index.html: 0
[2015-02-16 03:52:32] EDIT ballislife/views/default/index.html: 0
[2015-02-16 03:52:41] EDIT ballislife/views/default/index.html: 0
[2015-02-16 03:52:51] EDIT ballislife/views/default/index.html: -3
[2015-02-16 03:53:28] EDIT ballislife/views/default/index.html: 0
[2015-02-16 03:53:46] EDIT ballislife/views/default/index.html: -1
[2015-02-16 03:54:55] EDIT ballislife/views/default/index.html: 3
[2015-02-16 03:55:04] EDIT ballislife/views/default/index.html: -1
[2015-02-16 03:55:22] EDIT ballislife/views/default/index.html: 0
[2015-02-16 03:57:37] EDIT ballislife/views/default/index.html: 3
[2015-02-16 03:57:58] EDIT ballislife/views/default/index.html: 0
[2015-02-16 03:58:24] EDIT ballislife/views/default/index.html: 30
[2015-02-16 03:59:13] EDIT ballislife/views/default/index.html: -31
[2015-02-16 04:00:23] EDIT ballislife/views/default/index.html: 3
[2015-02-16 04:01:32] EDIT ballislife/views/default/index.html: 6
[2015-02-16 04:01:55] EDIT ballislife/views/default/index.html: 1
[2015-02-16 04:02:30] EDIT ballislife/views/layout.html: -22
[2015-02-16 04:02:44] EDIT ballislife/views/layout.html: -14
[2015-02-16 04:03:03] EDIT ballislife/views/layout.html: -38
[2015-02-16 04:03:24] EDIT ballislife/views/layout.html: 24
[2015-02-16 04:03:40] EDIT ballislife/views/layout.html: -23
[2015-02-16 04:04:36] EDIT ballislife/views/layout.html: 22
[2015-02-16 04:04:57] EDIT ballislife/views/layout.html: -21
[2015-02-16 04:05:10] EDIT ballislife/views/layout.html: 16
[2015-02-16 04:05:29] EDIT ballislife/views/layout.html: -11
[2015-02-16 04:05:40] EDIT ballislife/views/layout.html: 0
[2015-02-16 04:06:01] EDIT ballislife/views/default/index.html: -3
[2015-02-16 04:06:07] EDIT ballislife/views/default/index.html: -6
[2015-02-16 04:06:32] EDIT ballislife/views/default/index.html: 1
[2015-02-16 04:06:45] EDIT ballislife/views/default/index.html: 0
[2015-02-16 04:06:53] EDIT ballislife/views/default/index.html: 0
[2015-02-16 04:07:03] EDIT ballislife/views/default/index.html: 0
[2015-02-16 04:07:12] EDIT ballislife/views/default/index.html: 0
[2015-02-16 04:07:26] EDIT ballislife/views/default/index.html: 1
[2015-02-16 04:07:33] EDIT ballislife/views/default/index.html: 0
[2015-02-16 04:07:51] EDIT ballislife/views/default/index.html: 0
[2015-02-16 04:08:26] EDIT ballislife/views/default/index.html: 0
[2015-02-16 04:08:46] EDIT ballislife/views/default/index.html: 1
[2015-02-16 04:08:55] EDIT ballislife/views/default/index.html: 0
[2015-02-16 04:09:10] EDIT ballislife/views/default/index.html: 0
[2015-02-16 04:09:36] EDIT ballislife/views/default/index.html: 1
[2015-02-16 04:10:21] EDIT ballislife/views/default/index.html: -1
[2015-02-16 04:10:29] EDIT ballislife/views/default/index.html: -1
[2015-02-16 04:10:33] EDIT ballislife/views/default/index.html: 0
[2015-02-16 04:10:48] EDIT ballislife/views/default/index.html: 0
[2015-02-16 04:10:57] EDIT ballislife/views/default/index.html: -1
[2015-02-16 04:13:25] EDIT ballislife/views/default/index.html: 1
[2015-02-16 04:13:33] EDIT ballislife/views/default/index.html: 0
[2015-02-16 04:13:43] EDIT ballislife/views/default/index.html: 0
[2015-02-16 04:15:33] EDIT ballislife/views/default/index.html: 8
[2015-02-16 04:15:41] EDIT ballislife/views/default/index.html: 0
[2015-02-16 04:16:02] EDIT ballislife/views/default/index.html: -5
[2015-02-16 04:16:41] EDIT ballislife/views/default/index.html: 3
[2015-02-16 04:17:14] EDIT ballislife/views/default/index.html: 1
[2015-02-16 04:17:50] EDIT ballislife/views/default/index.html: 0
[2015-02-16 04:18:07] EDIT ballislife/views/default/index.html: 1
[2015-02-16 04:18:43] EDIT ballislife/views/default/index.html: 0
[2015-02-16 04:18:52] EDIT ballislife/views/default/index.html: 0
[2015-02-16 04:19:00] EDIT ballislife/views/default/index.html: 0
[2015-02-16 04:19:08] EDIT ballislife/views/default/index.html: 0
[2015-02-16 04:19:15] EDIT ballislife/views/default/index.html: 0
[2015-02-16 04:19:23] EDIT ballislife/views/default/index.html: 0
[2015-02-16 04:19:47] EDIT ballislife/views/default/index.html: 0
[2015-02-16 04:20:02] EDIT ballislife/views/default/index.html: 0
[2015-02-16 04:20:10] EDIT ballislife/views/default/index.html: 0
[2015-02-16 04:20:42] EDIT ballislife/views/default/index.html: 1
[2015-02-16 04:20:55] EDIT ballislife/views/default/index.html: 0
[2015-02-16 04:21:05] EDIT ballislife/views/default/index.html: 0
[2015-02-16 04:21:32] EDIT ballislife/views/default/index.html: 1
[2015-02-16 04:25:06] EDIT ballislife/views/default/index.html: 0
[2015-02-16 04:25:15] EDIT ballislife/views/default/index.html: 0
[2015-02-16 04:25:26] EDIT ballislife/views/default/index.html: 0
[2015-02-16 04:25:36] EDIT ballislife/views/default/index.html: 0
[2015-02-16 04:26:19] EDIT ballislife/views/default/index.html: 0
[2015-02-16 04:27:21] EDIT ballislife/views/default/index.html: 0
[2015-02-16 04:27:43] EDIT ballislife/views/default/index.html: 0
[2015-02-16 04:27:56] EDIT ballislife/views/default/index.html: 0
[2015-02-16 04:28:03] EDIT ballislife/views/default/index.html: 0
[2015-02-16 04:28:23] EDIT ballislife/views/default/index.html: 0
[2015-02-16 04:28:30] EDIT ballislife/views/default/index.html: 0
[2015-02-16 04:28:39] EDIT ballislife/views/default/index.html: 0
[2015-02-16 04:28:47] EDIT ballislife/views/default/index.html: 0
[2015-02-16 04:29:13] EDIT ballislife/views/default/index.html: 3
[2015-02-16 04:29:34] EDIT ballislife/views/default/index.html: 0
[2015-02-16 04:29:37] EDIT ballislife/views/default/index.html: 0
[2015-02-16 04:29:53] EDIT ballislife/views/default/index.html: 0
[2015-02-16 04:30:04] EDIT ballislife/views/default/index.html: 0
[2015-02-16 04:30:12] EDIT ballislife/views/default/index.html: 0
[2015-02-16 04:30:54] EDIT ballislife/views/default/index.html: 1
[2015-02-16 04:31:05] EDIT ballislife/views/default/index.html: 0
[2015-02-16 04:31:26] EDIT ballislife/views/default/index.html: 0
[2015-02-16 04:31:38] EDIT ballislife/views/default/index.html: 0
[2015-02-16 04:31:46] EDIT ballislife/views/default/index.html: 0
[2015-02-16 04:32:13] EDIT ballislife/views/default/index.html: 0
[2015-02-16 04:32:21] EDIT ballislife/views/default/index.html: -1
[2015-02-16 04:32:52] EDIT ballislife/views/default/index.html: 0
[2015-02-16 04:34:11] EDIT ballislife/views/default/index.html: 2
[2015-02-16 04:34:43] EDIT ballislife/views/default/index.html: 0
[2015-02-16 04:35:01] EDIT ballislife/views/default/index.html: 2
[2015-02-16 04:35:06] EDIT ballislife/views/default/index.html: 0
[2015-02-16 04:35:23] EDIT ballislife/views/default/index.html: -3
[2015-02-16 04:35:36] EDIT ballislife/views/default/index.html: 2
[2015-02-16 04:35:44] EDIT ballislife/views/default/index.html: 0
[2015-02-16 04:36:05] EDIT ballislife/views/default/index.html: 1
[2015-02-16 04:36:43] EDIT ballislife/views/default/index.html: 1
[2015-02-16 04:37:05] EDIT ballislife/views/default/index.html: 0
[2015-02-16 04:37:24] EDIT ballislife/views/default/index.html: 1
[2015-02-16 04:38:07] EDIT ballislife/views/default/index.html: 1
[2015-02-16 04:38:37] EDIT ballislife/views/default/index.html: 0
[2015-02-16 04:39:06] EDIT ballislife/views/default/index.html: 0
[2015-02-16 04:39:49] EDIT ballislife/views/default/index.html: 1
[2015-02-16 04:40:19] EDIT ballislife/views/default/index.html: 0
[2015-02-16 04:40:21] EDIT ballislife/views/default/index.html: 0
[2015-02-16 04:41:11] EDIT ballislife/views/default/index.html: 1
[2015-02-16 04:43:25] EDIT ballislife/views/default/index.html: 6
[2015-02-16 04:43:56] EDIT ballislife/views/default/index.html: 2
[2015-02-16 04:46:17] EDIT ballislife/views/default/index.html: -3
[2015-02-16 04:46:37] EDIT ballislife/views/default/index.html: 3
[2015-02-16 04:46:47] EDIT ballislife/views/default/index.html: 0
[2015-02-16 04:47:14] EDIT ballislife/views/default/index.html: -5
[2015-02-16 04:47:38] EDIT ballislife/views/default/index.html: 1
[2015-02-16 04:47:38] EDIT ballislife/views/default/index.html: 0
[2015-02-16 04:48:01] EDIT ballislife/views/default/index.html: -2
[2015-02-16 04:48:40] EDIT ballislife/views/default/index.html: 0
[2015-02-16 04:49:59] EDIT ballislife/views/default/index.html: 1
[2015-02-16 04:50:11] EDIT ballislife/views/default/index.html: -1
[2015-02-16 04:50:17] EDIT ballislife/views/default/index.html: 1
[2015-02-16 04:51:50] EDIT ballislife/views/default/index.html: 5
[2015-02-16 04:52:03] EDIT ballislife/views/default/index.html: 3
[2015-02-16 04:52:20] EDIT ballislife/views/default/index.html: 0
[2015-02-16 04:54:00] EDIT ballislife/views/default/index.html: -3
[2015-02-16 04:54:15] EDIT ballislife/views/default/index.html: 0
[2015-02-16 04:54:32] EDIT ballislife/views/default/index.html: 0
[2015-02-16 04:54:50] EDIT ballislife/views/default/index.html: 0
[2015-02-16 04:55:05] EDIT ballislife/views/default/index.html: 4
[2015-02-16 04:55:45] EDIT ballislife/views/default/index.html: 1
[2015-02-16 04:55:55] EDIT ballislife/views/default/index.html: -2
[2015-02-16 04:56:45] EDIT ballislife/views/default/index.html: 0
[2015-02-16 04:57:20] EDIT ballislife/views/default/index.html: 1
[2015-02-16 04:58:05] EDIT ballislife/views/default/index.html: -1
[2015-02-16 04:58:20] EDIT ballislife/views/default/index.html: 1
[2015-02-16 04:58:39] EDIT ballislife/views/default/index.html: -1
[2015-02-16 04:59:03] EDIT ballislife/views/default/index.html: -1
[2015-02-16 05:02:36] EDIT ballislife/views/default/index.html: 0
[2015-02-16 05:03:12] EDIT ballislife/views/default/index.html: 3
[2015-02-16 05:03:21] EDIT ballislife/views/default/index.html: 0
[2015-02-16 05:03:31] EDIT ballislife/views/default/index.html: 0
[2015-02-16 05:03:59] EDIT ballislife/views/default/index.html: -3
[2015-02-16 05:05:26] EDIT ballislife/views/default/index.html: 2
[2015-02-16 05:05:52] EDIT ballislife/views/default/index.html: 3
[2015-02-16 05:06:05] EDIT ballislife/views/default/index.html: 0
[2015-02-16 05:06:15] EDIT ballislife/views/default/index.html: -3
[2015-02-16 05:06:49] EDIT ballislife/views/default/index.html: 0
[2015-02-16 05:07:14] EDIT ballislife/views/default/index.html: 3
[2015-02-16 05:08:18] EDIT ballislife/views/default/index.html: 0
[2015-02-16 05:10:04] EDIT ballislife/controllers/default.py: 1
[2015-02-16 05:10:17] EDIT ballislife/views/default/index.html: 0
[2015-02-16 05:10:27] EDIT ballislife/views/default/index.html: 0
[2015-02-16 05:10:59] EDIT ballislife/views/default/index.html: -9
[2015-02-16 05:13:14] EDIT ballislife/views/default/index.html: 0
[2015-02-16 05:45:38] EDIT ballislife/views/default/index.html: 0
[2015-02-16 05:46:21] EDIT ballislife/views/default/index.html: 0
[2015-02-16 05:46:41] EDIT ballislife/views/default/index.html: 0
[2015-02-16 05:47:06] EDIT ballislife/views/default/index.html: 0
[2015-02-16 11:17:32] EDIT ballislife/views/default/index.html: 7
[2015-02-16 11:17:41] EDIT ballislife/views/default/index.html: 0
[2015-02-16 11:17:49] EDIT ballislife/views/default/index.html: 0
[2015-02-16 11:18:45] EDIT ballislife/views/default/index.html: 3
[2015-02-16 11:29:12] EDIT ballislife/views/default/index.html: 39
[2015-02-16 11:29:37] EDIT ballislife/views/default/index.html: 23
[2015-02-16 11:30:00] EDIT ballislife/views/default/index.html: 0
[2015-02-16 11:30:13] EDIT ballislife/views/default/index.html: 0
[2015-02-16 11:30:20] EDIT ballislife/views/default/index.html: 0
[2015-02-16 11:30:28] EDIT ballislife/views/default/index.html: 0
[2015-02-16 11:30:54] EDIT ballislife/views/default/index.html: 0
[2015-02-16 11:31:01] EDIT ballislife/views/default/index.html: -1
[2015-02-16 11:31:18] EDIT ballislife/views/default/index.html: 0
[2015-02-16 11:31:42] EDIT ballislife/views/default/index.html: 0
[2015-02-16 11:31:58] EDIT ballislife/views/default/index.html: -1
[2015-02-16 11:32:06] EDIT ballislife/views/default/index.html: 1
[2015-02-16 11:32:41] EDIT ballislife/views/default/index.html: -1
[2015-02-16 11:33:11] EDIT ballislife/views/default/index.html: 1
[2015-02-16 11:33:26] EDIT ballislife/views/default/index.html: 0
[2015-02-16 11:34:10] EDIT ballislife/views/default/index.html: 0
[2015-02-16 11:34:25] EDIT ballislife/views/default/index.html: 1
[2015-02-16 11:34:44] EDIT ballislife/views/default/index.html: 1
[2015-02-16 11:34:55] EDIT ballislife/views/default/index.html: 2
[2015-02-16 11:36:02] EDIT ballislife/views/default/index.html: -23
[2015-02-16 11:36:15] EDIT ballislife/views/default/index.html: 10
[2015-02-16 11:36:37] EDIT ballislife/views/default/index.html: 3
[2015-02-16 11:38:31] EDIT ballislife/views/default/index.html: 29
[2015-02-16 11:38:49] EDIT ballislife/views/default/index.html: 8
[2015-02-16 11:39:02] EDIT ballislife/views/default/index.html: 5
[2015-02-16 11:43:04] EDIT ballislife/views/default/index.html: -10
[2015-02-16 11:43:25] EDIT ballislife/views/default/index.html: 10
[2015-02-16 11:43:58] EDIT ballislife/views/default/index.html: -2
[2015-02-16 11:53:31] EDIT ballislife/views/default/index.html: -108
[2015-02-16 11:53:39] EDIT ballislife/views/default/index.html: 0
[2015-02-16 11:56:51] CREATE default/scores.html: 0
[2015-02-16 11:56:58] CREATE default/stats.html: 0
[2015-02-16 11:57:08] CREATE default/top_players.html: 0
[2015-02-16 11:57:20] EDIT ballislife/views/default/top_players.html: 0
[2015-02-16 11:57:26] EDIT ballislife/views/default/stats.html: 0
[2015-02-16 11:57:29] EDIT ballislife/views/default/scores.html: 0
[2015-02-16 11:58:50] EDIT ballislife/views/default/index.html: 0
[2015-02-16 11:59:12] EDIT ballislife/views/default/index.html: 0
[2015-02-16 12:01:50] EDIT ballislife/views/default/stats.html: 0
[2015-02-16 12:02:08] EDIT ballislife/views/default/scores.html: 0
[2015-02-16 12:26:21] EDIT ballislife/views/default/index.html: 0
[2015-02-16 12:28:02] EDIT ballislife/views/default/scores.html: 56
[2015-02-16 12:28:15] EDIT ballislife/views/default/stats.html: 56
[2015-02-16 12:28:17] EDIT ballislife/views/default/top_players.html: 56
[2015-02-16 12:28:26] EDIT ballislife/views/default/top_players.html: 0
[2015-02-16 12:28:37] EDIT ballislife/views/default/stats.html: 0
[2015-02-16 12:28:56] EDIT ballislife/views/default/stats.html: -56
[2015-02-16 12:30:08] EDIT ballislife/controllers/default.py: 12
[2015-02-16 12:30:18] EDIT ballislife/controllers/default.py: 0
[2015-02-16 12:30:38] EDIT ballislife/controllers/default.py: 0
[2015-02-16 12:30:52] EDIT ballislife/views/default/stats.html: 56
[2015-02-16 12:31:24] EDIT ballislife/views/default/stats.html: 0
[2015-02-16 12:31:30] EDIT ballislife/views/default/scores.html: 0
[2015-02-16 12:31:37] EDIT ballislife/views/default/top_players.html: 0
[2015-02-16 12:44:11] EDIT ballislife/views/default/top_players.html: 1
[2015-02-16 12:45:44] EDIT ballislife/views/default/top_players.html: 0
[2015-02-16 12:46:02] EDIT ballislife/views/default/top_players.html: 0
[2015-02-16 12:46:45] EDIT ballislife/views/default/top_players.html: 0
[2015-02-16 12:47:04] EDIT ballislife/views/default/top_players.html: 0
[2015-02-16 19:15:45] EDIT ballislife/views/default/top_players.html: -1
[2015-02-16 19:16:25] EDIT ballislife/views/default/index.html: 0
[2015-02-16 19:17:24] EDIT ballislife/views/default/index.html: 3
[2015-02-16 19:17:47] EDIT ballislife/views/default/index.html: 0
[2015-02-16 19:18:26] EDIT ballislife/views/default/index.html: 0
[2015-02-16 19:18:44] EDIT ballislife/views/default/index.html: -1
[2015-02-16 19:20:25] EDIT ballislife/views/default/index.html: 4
[2015-02-16 19:21:03] EDIT ballislife/views/default/index.html: 0
[2015-02-16 19:22:13] EDIT ballislife/views/default/index.html: -4
[2015-02-16 19:22:42] EDIT ballislife/views/default/index.html: 3
[2015-02-16 19:22:57] EDIT ballislife/views/default/index.html: 0
[2015-02-16 19:23:12] EDIT ballislife/views/default/index.html: 0
[2015-02-16 19:23:27] EDIT ballislife/views/default/index.html: -1
[2015-02-16 19:24:32] EDIT ballislife/views/default/index.html: 1
[2015-02-16 19:24:44] EDIT ballislife/views/default/index.html: 0
[2015-02-16 19:24:52] EDIT ballislife/views/default/index.html: 0
[2015-02-16 19:24:59] EDIT ballislife/views/default/index.html: 0
[2015-02-16 19:27:33] EDIT ballislife/views/default/index.html: 0
[2015-02-16 19:27:56] EDIT ballislife/views/default/index.html: -1
[2015-02-16 19:31:13] EDIT ballislife/views/default/index.html: 2
[2015-02-16 19:31:48] EDIT ballislife/views/default/index.html: 1
[2015-02-16 19:34:05] EDIT ballislife/views/default/index.html: 0
[2015-02-16 19:34:27] EDIT ballislife/views/default/index.html: 0
[2015-02-16 19:39:39] EDIT ballislife/views/default/index.html: 3
[2015-02-16 19:40:00] EDIT ballislife/views/default/index.html: 0
[2015-02-16 19:40:23] EDIT ballislife/views/default/index.html: 0
[2015-02-16 19:40:30] EDIT ballislife/views/default/index.html: 0
[2015-02-16 19:41:26] EDIT ballislife/views/default/index.html: -2
[2015-02-16 19:41:36] EDIT ballislife/views/default/index.html: 0
[2015-02-16 19:41:42] EDIT ballislife/views/default/index.html: 0
[2015-02-16 19:42:04] EDIT ballislife/views/default/index.html: 0
[2015-02-16 19:42:59] EDIT ballislife/views/default/index.html: 0
[2015-02-16 19:43:12] EDIT ballislife/views/default/index.html: 0
[2015-02-16 19:44:22] EDIT ballislife/views/default/index.html: -2
[2015-02-16 19:44:46] EDIT ballislife/views/default/index.html: -1
[2015-02-16 19:44:57] EDIT ballislife/views/default/index.html: -1
[2015-02-16 19:45:19] EDIT ballislife/views/default/index.html: 2
[2015-02-16 19:45:25] EDIT ballislife/views/default/index.html: 0
[2015-02-16 19:45:32] EDIT ballislife/views/default/index.html: -3
[2015-02-16 19:45:56] EDIT ballislife/views/default/index.html: 1
[2015-02-16 19:46:19] EDIT ballislife/views/default/index.html: 4
[2015-02-16 19:46:32] EDIT ballislife/views/default/index.html: 3
[2015-02-16 19:46:45] EDIT ballislife/views/default/index.html: -3
[2015-02-16 19:46:53] EDIT ballislife/views/default/index.html: -1
[2015-02-16 19:47:02] EDIT ballislife/views/default/index.html: 0
[2015-02-16 19:47:08] EDIT ballislife/views/default/index.html: 0
[2015-02-16 19:47:43] EDIT ballislife/views/default/index.html: -2
[2015-02-16 19:49:07] EDIT ballislife/views/default/index.html: 2
[2015-02-16 19:49:13] EDIT ballislife/views/default/index.html: 0
[2015-02-16 19:49:27] EDIT ballislife/views/default/index.html: 0
[2015-02-16 19:49:44] EDIT ballislife/views/default/index.html: 0
[2015-02-16 19:50:23] EDIT ballislife/views/default/index.html: 3
[2015-02-16 19:53:58] EDIT ballislife/views/default/index.html: 0
[2015-02-16 19:54:11] EDIT ballislife/views/default/index.html: 0
[2015-02-16 20:07:49] EDIT ballislife/views/default/index.html: 0
[2015-02-16 20:10:19] EDIT ballislife/views/default/index.html: 0
[2015-02-16 20:11:26] EDIT ballislife/views/default/index.html: 0
[2015-02-16 20:11:38] EDIT ballislife/views/default/index.html: 0
[2015-02-16 20:17:06] EDIT ballislife/views/default/index.html: -1
[2015-02-16 20:17:34] EDIT ballislife/views/default/index.html: 1
[2015-02-16 20:17:40] EDIT ballislife/views/default/index.html: 0
[2015-02-16 20:18:11] EDIT ballislife/views/default/index.html: -3
[2015-02-16 20:18:20] EDIT ballislife/views/default/index.html: 0
[2015-02-16 20:19:57] EDIT ballislife/views/default/index.html: 0
[2015-02-16 20:20:06] EDIT ballislife/views/default/index.html: 0
[2015-02-16 20:20:21] EDIT ballislife/views/default/index.html: 0
[2015-02-16 20:20:29] EDIT ballislife/views/default/index.html: 0
[2015-02-16 20:20:54] EDIT ballislife/views/default/index.html: 0
[2015-02-16 20:21:59] EDIT ballislife/views/default/index.html: 3
[2015-02-16 20:22:14] EDIT ballislife/views/default/index.html: 1
[2015-02-16 20:22:51] EDIT ballislife/views/default/index.html: 0
[2015-02-16 20:24:48] EDIT ballislife/views/default/index.html: 0
[2015-02-16 20:24:52] EDIT ballislife/views/default/index.html: -4
[2015-02-16 20:24:58] EDIT ballislife/views/default/index.html: 9
[2015-02-16 20:25:49] EDIT ballislife/views/default/index.html: 3
[2015-02-16 20:25:57] EDIT ballislife/views/default/index.html: 0
[2015-02-16 20:26:04] EDIT ballislife/views/default/index.html: 0
[2015-02-16 20:26:12] EDIT ballislife/views/default/index.html: 0
[2015-02-16 20:28:06] EDIT ballislife/views/default/index.html: -2
[2015-02-16 20:30:29] EDIT ballislife/views/default/index.html: 0
[2015-02-16 20:30:59] EDIT ballislife/views/default/index.html: -5
[2015-02-16 20:31:49] EDIT ballislife/views/default/index.html: -2
[2015-02-16 20:38:52] EDIT ballislife/views/default/index.html: 3
[2015-02-16 20:40:51] EDIT ballislife/views/default/index.html: 0
[2015-02-16 20:40:57] EDIT ballislife/views/default/index.html: 0
[2015-02-16 20:41:05] EDIT ballislife/views/default/index.html: 0
[2015-02-16 20:41:32] EDIT ballislife/views/default/index.html: 0
[2015-02-16 20:41:41] EDIT ballislife/views/default/index.html: 0
[2015-02-16 20:41:51] EDIT ballislife/views/default/index.html: 0
[2015-02-16 20:41:59] EDIT ballislife/views/default/index.html: 0
[2015-02-16 20:42:25] EDIT ballislife/views/default/index.html: 0
[2015-02-16 20:42:36] EDIT ballislife/views/default/index.html: 0
[2015-02-16 20:43:06] EDIT ballislife/views/default/index.html: 0
[2015-02-16 21:24:35] EDIT ballislife/views/generic.html: 6
[2015-02-16 21:24:56] EDIT ballislife/views/default/scores.html: 5
[2015-02-16 21:25:05] EDIT ballislife/views/default/stats.html: 5
[2015-02-16 21:25:13] EDIT ballislife/views/default/top_players.html: 5
[2015-02-16 21:25:24] EDIT ballislife/views/default/top_players.html: 0
[2015-02-16 21:25:34] EDIT ballislife/views/default/stats.html: 0
[2015-02-16 21:25:42] EDIT ballislife/views/default/scores.html: 0
[2015-02-16 21:26:07] EDIT ballislife/views/default/scores.html: 0
[2015-02-16 21:26:55] EDIT ballislife/views/default/stats.html: 0
[2015-02-16 21:27:49] EDIT ballislife/views/default/top_players.html: 0
[2015-02-16 21:28:29] EDIT ballislife/views/default/scores.html: 8
[2015-02-16 21:28:35] EDIT ballislife/views/default/stats.html: 8
[2015-02-16 21:28:42] EDIT ballislife/views/default/top_players.html: 8
[2015-02-16 21:30:16] EDIT ballislife/views/default/top_players.html: 0
[2015-02-16 21:30:25] EDIT ballislife/views/default/top_players.html: 0
[2015-02-16 21:30:44] EDIT ballislife/views/default/top_players.html: 0
[2015-02-16 21:31:38] EDIT ballislife/views/default/top_players.html: 0
[2015-02-16 21:31:58] EDIT ballislife/views/default/top_players.html: 0
[2015-02-16 21:32:27] EDIT ballislife/views/default/top_players.html: 0
[2015-02-16 21:32:56] EDIT ballislife/views/default/top_players.html: 0
[2015-02-16 21:33:16] EDIT ballislife/views/default/top_players.html: 0
[2015-02-16 21:43:41] EDIT ballislife/views/default/top_players.html: 1
[2015-02-16 21:43:59] EDIT ballislife/views/default/top_players.html: 0
[2015-02-16 21:44:07] EDIT ballislife/views/default/top_players.html: 0
[2015-02-16 21:50:57] EDIT ballislife/views/default/top_players.html: -1
[2015-02-16 21:54:12] EDIT ballislife/views/default/top_players.html: 0
[2015-02-16 21:55:12] EDIT ballislife/views/default/top_players.html: 1
[2015-02-16 21:55:42] EDIT ballislife/views/default/top_players.html: -1
[2015-02-16 21:55:51] EDIT ballislife/views/default/top_players.html: 0
[2015-02-16 21:56:38] EDIT ballislife/views/default/top_players.html: 0
[2015-02-16 21:57:44] EDIT ballislife/views/default/top_players.html: 0
[2015-02-19 18:28:20] EDIT ballislife/controllers/default.py: 33
[2015-02-19 18:28:28] EDIT ballislife/controllers/default.py: 0
[2015-02-19 18:29:20] CREATE team_players.json.py: 0
[2015-02-19 18:30:06] EDIT ballislife/models/team_players.json.py: 290
[2015-02-19 18:30:26] EDIT ballislife/controllers/default.py: -5
[2015-02-19 18:39:56] EDIT ballislife/controllers/default.py: 1
[2015-02-19 18:40:22] EDIT ballislife/controllers/default.py: 0
[2015-02-19 18:40:57] EDIT ballislife/controllers/default.py: 1
[2015-02-19 18:43:05] EDIT ballislife/controllers/default.py: 2
[2015-02-19 18:43:18] EDIT ballislife/controllers/default.py: -1
[2015-02-19 18:44:32] DELETE ballislife/models/team_players.json.py: -290
[2015-02-19 18:45:04] CREATE team_players.json: 0
[2015-02-19 18:45:07] EDIT ballislife/views/team_players.json: 289
[2015-02-19 18:45:20] EDIT ballislife/controllers/default.py: -2
[2015-02-19 18:45:31] EDIT ballislife/controllers/default.py: 1
[2015-02-19 18:55:36] CREATE default/team_players.json: 0
[2015-02-19 18:55:41] EDIT ballislife/views/default/team_players.json: 289
[2015-02-19 18:58:11] EDIT ballislife/controllers/default.py: -1
[2015-02-19 18:58:11] EDIT ballislife/controllers/default.py: 0
[2015-02-19 18:59:23] EDIT ballislife/views/default/team_players.json: 1
[2015-02-19 18:59:42] EDIT ballislife/views/default/team_players.json: 1
[2015-02-19 18:59:59] EDIT ballislife/views/default/team_players.json: 0
[2015-02-19 19:00:25] EDIT ballislife/views/default/team_players.json: -2
[2015-02-20 09:27:16] EDIT ballislife/controllers/default.py: 1
[2015-02-20 09:27:52] EDIT ballislife/controllers/default.py: 3
[2015-02-20 09:27:54] EDIT ballislife/controllers/default.py: 0
[2015-02-20 09:28:15] EDIT ballislife/controllers/default.py: -1
[2015-02-20 09:28:27] EDIT ballislife/controllers/default.py: -1
[2015-02-20 09:28:28] EDIT ballislife/controllers/default.py: 0
[2015-02-20 09:31:43] EDIT ballislife/controllers/default.py: 0
[2015-02-20 09:31:52] EDIT ballislife/controllers/default.py: 0
[2015-02-20 09:33:44] EDIT ballislife/controllers/default.py: 1
[2015-02-20 09:34:59] EDIT ballislife/controllers/default.py: 0
[2015-02-20 10:00:51] EDIT ballislife/controllers/default.py: 0
[2015-02-20 10:04:08] EDIT ballislife/controllers/default.py: 0
[2015-02-20 10:20:11] CREATE team_players.json.py: 0
[2015-02-20 10:20:21] EDIT ballislife/models/team_players.json.py: 290
[2015-02-20 10:20:50] EDIT ballislife/controllers/default.py: 8
[2015-02-20 10:22:02] CREATE team_players.json: 0
[2015-02-20 10:22:14] EDIT ballislife/static/team_players.json: 290
[2015-02-20 10:22:23] EDIT ballislife/controllers/default.py: 0
[2015-02-20 10:22:48] EDIT ballislife/controllers/default.py: 0
[2015-02-20 10:36:50] EDIT ballislife/controllers/default.py: 0
[2015-02-20 10:37:08] EDIT ballislife/controllers/default.py: 0
[2015-02-20 10:50:16] DELETE ballislife/models/team_players.json.py: -290
[2015-02-20 10:50:26] DELETE ballislife/static/team_players.json: -290
[2015-02-20 10:50:31] DELETE ballislife/static/team_players.json.bak: 0
[2015-02-20 10:51:14] CREATE team_players.json: 0
[2015-02-20 10:51:20] EDIT ballislife/static/team_players.json: 290
[2015-02-20 10:52:20] EDIT ballislife/controllers/default.py: 0
[2015-02-20 10:52:33] EDIT ballislife/controllers/default.py: 0
[2015-02-20 10:54:39] EDIT ballislife/controllers/default.py: 0
[2015-02-20 10:56:45] EDIT ballislife/controllers/default.py: 1
[2015-02-20 10:57:59] CREATE team_players.json.py: 0
[2015-02-20 10:58:13] CREATE team_players.json: 0
[2015-02-20 10:58:22] EDIT ballislife/private/team_players.json: 290
[2015-02-20 10:58:36] EDIT ballislife/controllers/default.py: 0
[2015-02-20 10:58:51] EDIT ballislife/controllers/default.py: 0
[2015-02-20 10:59:23] EDIT ballislife/controllers/default.py: 0
[2015-02-20 10:59:36] EDIT ballislife/controllers/default.py: 0
[2015-02-20 10:59:47] EDIT ballislife/controllers/default.py: 0
[2015-02-20 11:00:15] EDIT ballislife/controllers/default.py: 0
[2015-02-20 11:10:23] EDIT ballislife/controllers/default.py: 0
[2015-02-20 11:10:23] EDIT ballislife/controllers/default.py: 0
[2015-02-20 11:12:44] EDIT ballislife/controllers/default.py: 0
[2015-02-20 11:12:44] EDIT ballislife/controllers/default.py: 0
[2015-02-20 11:12:52] EDIT ballislife/controllers/default.py: 0
[2015-02-20 11:13:43] EDIT ballislife/controllers/default.py: 2
[2015-02-20 11:14:20] EDIT ballislife/controllers/default.py: 0
[2015-02-20 11:15:52] EDIT ballislife/controllers/default.py: 0
[2015-02-20 11:15:57] EDIT ballislife/controllers/default.py: 0
[2015-02-20 11:18:34] EDIT ballislife/controllers/default.py: 0
[2015-02-20 11:20:58] EDIT ballislife/controllers/default.py: 0
[2015-02-20 11:21:27] EDIT ballislife/controllers/default.py: 0
[2015-02-20 11:21:41] EDIT ballislife/controllers/default.py: 0
[2015-02-20 11:24:16] CREATE team_players1.json.py: 0
[2015-02-20 11:26:33] EDIT ballislife/controllers/default.py: 0
[2015-02-20 11:27:01] EDIT ballislife/controllers/default.py: 0
[2015-02-20 11:29:59] EDIT ballislife/controllers/default.py: -1
[2015-02-21 09:14:56] EDIT ballislife/controllers/default.py: 0
[2015-02-21 09:15:30] CREATE blah.txt: 0
[2015-02-21 09:15:37] EDIT ballislife/static/blah.txt: 1
[2015-02-21 09:15:49] EDIT ballislife/controllers/default.py: 0
[2015-02-21 09:21:20] EDIT ballislife/controllers/default.py: 0
[2015-02-21 09:21:39] EDIT ballislife/controllers/default.py: 0
[2015-02-21 09:22:15] EDIT ballislife/controllers/default.py: 0
[2015-02-21 09:22:43] EDIT ballislife/controllers/default.py: 0
[2015-02-21 09:22:52] EDIT ballislife/controllers/default.py: 0
[2015-02-21 09:23:31] EDIT ballislife/controllers/default.py: 0
[2015-02-21 09:23:47] EDIT ballislife/controllers/default.py: 0
[2015-02-21 09:24:30] EDIT ballislife/controllers/default.py: 1
[2015-02-21 09:31:28] EDIT ballislife/controllers/default.py: 1
[2015-02-21 09:32:39] EDIT ballislife/controllers/default.py: 0
[2015-02-21 09:33:09] EDIT ballislife/controllers/default.py: 0
[2015-02-21 09:34:21] EDIT ballislife/controllers/default.py: 0
[2015-02-21 09:34:32] EDIT ballislife/controllers/default.py: 0
[2015-02-21 09:40:21] EDIT ballislife/controllers/default.py: 2
[2015-02-21 09:40:26] EDIT ballislife/controllers/default.py: 0
[2015-02-21 09:40:42] EDIT ballislife/controllers/default.py: -2
[2015-02-21 09:41:06] EDIT ballislife/controllers/default.py: 0
[2015-02-21 11:02:20] EDIT ballislife/controllers/default.py: -2
[2015-02-21 11:02:50] EDIT ballislife/controllers/default.py: 0
[2015-02-21 11:03:23] EDIT ballislife/controllers/default.py: 0
[2015-02-21 11:03:40] EDIT ballislife/controllers/default.py: 0
[2015-02-21 11:05:05] EDIT ballislife/controllers/default.py: 1
[2015-02-21 11:05:16] EDIT ballislife/controllers/default.py: 0
[2015-02-21 11:05:26] EDIT ballislife/controllers/default.py: 0
[2015-02-21 11:05:33] EDIT ballislife/controllers/default.py: 0
[2015-02-21 11:05:52] EDIT ballislife/controllers/default.py: 0
[2015-02-21 11:06:00] EDIT ballislife/controllers/default.py: 0
[2015-02-21 11:06:07] EDIT ballislife/controllers/default.py: 0
[2015-02-21 11:08:01] EDIT ballislife/controllers/default.py: 0
[2015-02-21 11:08:09] EDIT ballislife/controllers/default.py: 0
[2015-02-21 11:08:31] EDIT ballislife/controllers/default.py: 0
[2015-02-21 11:08:40] EDIT ballislife/controllers/default.py: 1
[2015-02-21 11:11:50] EDIT ballislife/controllers/default.py: 0
[2015-02-21 11:12:02] EDIT ballislife/controllers/default.py: -1
[2015-02-21 11:12:48] EDIT ballislife/controllers/default.py: 0
[2015-02-21 11:14:30] EDIT ballislife/views/default/stats.html: 0
[2015-02-21 11:14:46] EDIT ballislife/views/default/stats.html: 0
[2015-02-21 11:15:09] EDIT ballislife/views/default/stats.html: 0
[2015-02-21 11:15:23] EDIT ballislife/views/default/stats.html: 0
[2015-02-21 11:15:38] EDIT ballislife/views/default/stats.html: 0
[2015-02-21 11:20:00] EDIT ballislife/controllers/default.py: 0
[2015-02-21 11:20:10] EDIT ballislife/controllers/default.py: 1
[2015-02-21 11:20:22] EDIT ballislife/controllers/default.py: -2
[2015-02-21 11:22:04] EDIT ballislife/controllers/default.py: 0
[2015-02-21 11:22:25] EDIT ballislife/controllers/default.py: 0
[2015-02-21 11:38:48] EDIT ballislife/controllers/default.py: 0
[2015-02-21 11:42:01] EDIT ballislife/controllers/default.py: 0
[2015-02-21 11:44:17] EDIT ballislife/controllers/default.py: 1
[2015-02-21 11:58:07] EDIT ballislife/controllers/default.py: 0
[2015-02-21 11:58:20] EDIT ballislife/controllers/default.py: -1
[2015-02-21 12:00:57] EDIT ballislife/controllers/default.py: 0
[2015-02-21 12:02:00] EDIT ballislife/static/team_players.json: -3
[2015-02-21 12:05:45] EDIT ballislife/controllers/default.py: 1
[2015-02-21 12:15:17] EDIT ballislife/controllers/default.py: 1
[2015-02-21 12:17:21] EDIT ballislife/controllers/default.py: 3
[2015-02-21 12:17:59] EDIT ballislife/controllers/default.py: 0
[2015-02-21 12:18:51] EDIT ballislife/controllers/default.py: 0
[2015-02-21 12:19:12] EDIT ballislife/controllers/default.py: 0
[2015-02-21 12:19:27] EDIT ballislife/controllers/default.py: 0
[2015-02-21 12:19:40] EDIT ballislife/controllers/default.py: 0
[2015-02-21 12:20:25] EDIT ballislife/controllers/default.py: 1
[2015-02-21 12:20:57] EDIT ballislife/controllers/default.py: 0
[2015-02-21 12:22:29] EDIT ballislife/controllers/default.py: 2
[2015-02-21 12:25:01] EDIT ballislife/controllers/default.py: -1
[2015-02-21 12:25:26] EDIT ballislife/controllers/default.py: 0
[2015-02-21 12:25:30] EDIT ballislife/controllers/default.py: 1
[2015-02-21 12:25:34] EDIT ballislife/controllers/default.py: -1
[2015-02-21 12:27:30] EDIT ballislife/modules/__init__.py: 1
[2015-02-21 12:52:22] EDIT ballislife/controllers/default.py: 1
[2015-02-21 12:54:10] EDIT ballislife/controllers/default.py: 0
[2015-02-21 12:56:50] EDIT ballislife/controllers/default.py: -2
[2015-02-21 12:56:59] EDIT ballislife/controllers/default.py: -1
[2015-02-21 12:57:10] EDIT ballislife/controllers/default.py: 1
[2015-02-21 12:59:04] EDIT ballislife/controllers/default.py: 0
[2015-02-21 12:59:16] EDIT ballislife/controllers/default.py: 0
[2015-02-21 13:00:17] EDIT ballislife/controllers/default.py: 0
[2015-02-21 13:00:44] EDIT ballislife/controllers/default.py: 0
[2015-02-21 13:01:43] EDIT ballislife/controllers/default.py: -1
[2015-02-21 13:02:58] EDIT ballislife/controllers/default.py: 1
[2015-02-21 13:03:10] EDIT ballislife/controllers/default.py: 0
[2015-02-21 13:03:56] EDIT ballislife/controllers/default.py: -1
[2015-02-21 13:04:28] EDIT ballislife/controllers/default.py: 0
[2015-02-21 13:05:16] EDIT ballislife/static/team_players.json: -2
[2015-02-21 13:05:51] EDIT ballislife/static/team_players.json: 1
[2015-02-21 13:07:57] EDIT ballislife/static/team_players.json: 0
[2015-02-21 13:38:58] EDIT ballislife/static/team_players.json: 0
[2015-02-21 13:39:01] EDIT ballislife/static/team_players.json: 0
[2015-02-21 13:39:03] EDIT ballislife/static/team_players.json: 0
[2015-02-21 14:08:17] EDIT ballislife/static/team_players.json: -4
[2015-02-21 14:17:48] EDIT ballislife/static/team_players.json: 0
[2015-02-21 14:19:45] EDIT ballislife/controllers/default.py: 2
[2015-02-21 14:20:07] EDIT ballislife/controllers/default.py: 0
[2015-02-21 14:20:46] EDIT ballislife/controllers/default.py: 0
[2015-02-21 14:20:56] EDIT ballislife/static/team_players.json: 0
[2015-02-21 14:28:49] EDIT ballislife/static/team_players.json: 0
[2015-02-21 14:29:29] EDIT ballislife/static/team_players.json: 0
[2015-02-21 18:47:34] EDIT ballislife/static/team_players.json: 0
[2015-02-21 18:50:30] EDIT ballislife/static/team_players.json: 0
[2015-02-21 18:52:43] EDIT ballislife/controllers/default.py: 0
[2015-02-21 18:54:22] EDIT ballislife/controllers/default.py: 0
[2015-02-21 18:55:18] EDIT ballislife/controllers/default.py: 0
[2015-02-21 18:55:45] EDIT ballislife/controllers/default.py: 0
[2015-02-21 18:56:05] EDIT ballislife/controllers/default.py: 0
[2015-02-21 18:56:58] EDIT ballislife/controllers/default.py: 2
[2015-02-21 18:56:58] EDIT ballislife/controllers/default.py: 0
[2015-02-21 18:58:12] EDIT ballislife/controllers/default.py: 0
[2015-02-21 18:58:51] EDIT ballislife/controllers/default.py: 0
[2015-02-21 19:01:09] EDIT ballislife/controllers/default.py: 3
[2015-02-21 19:02:24] EDIT ballislife/controllers/default.py: -1
[2015-02-21 19:03:13] EDIT ballislife/controllers/default.py: 1
[2015-02-21 19:07:37] EDIT ballislife/controllers/default.py: 1
[2015-02-21 19:10:07] EDIT ballislife/views/default/stats.html: 0
[2015-02-21 19:11:23] EDIT ballislife/controllers/default.py: -2
[2015-02-21 19:11:27] EDIT ballislife/controllers/default.py: -1
[2015-02-21 19:11:53] EDIT ballislife/controllers/default.py: 0
[2015-02-21 19:13:12] EDIT ballislife/controllers/default.py: -3
[2015-02-21 19:18:37] EDIT ballislife/controllers/default.py: 0
[2015-02-21 19:18:42] EDIT ballislife/controllers/default.py: 0
[2015-02-21 19:20:23] EDIT ballislife/controllers/default.py: 1
[2015-02-21 19:21:04] EDIT ballislife/controllers/default.py: -1
[2015-02-21 19:21:41] EDIT ballislife/controllers/default.py: 0
[2015-02-21 20:02:35] EDIT ballislife/controllers/default.py: 1
[2015-02-21 20:03:31] EDIT ballislife/controllers/default.py: -1
[2015-02-21 20:04:00] EDIT ballislife/controllers/default.py: 0
[2015-02-21 20:21:28] EDIT ballislife/controllers/default.py: 2
[2015-02-21 20:26:25] EDIT ballislife/controllers/default.py: 2
[2015-02-21 20:53:51] EDIT ballislife/views/default/stats.html: 1
[2015-02-21 20:54:33] EDIT ballislife/controllers/default.py: 1
[2015-02-21 20:54:42] EDIT ballislife/views/default/stats.html: 0
[2015-02-21 20:54:53] EDIT ballislife/views/default/stats.html: 0
[2015-02-21 20:57:12] EDIT ballislife/controllers/default.py: 0
[2015-02-21 20:57:18] EDIT ballislife/controllers/default.py: 0
[2015-02-21 20:57:31] EDIT ballislife/views/default/stats.html: 0
[2015-02-21 20:57:42] EDIT ballislife/views/default/stats.html: -1
[2015-02-21 20:58:18] EDIT ballislife/views/default/stats.html: 0
[2015-02-21 20:58:39] EDIT ballislife/views/default/stats.html: 0
[2015-02-21 20:58:48] EDIT ballislife/controllers/default.py: -1
[2015-02-21 20:59:09] EDIT ballislife/views/default/stats.html: 0
[2015-02-21 21:00:10] EDIT ballislife/views/default/stats.html: 5
[2015-02-21 21:00:30] EDIT ballislife/views/default/stats.html: 0
[2015-02-21 21:02:39] EDIT ballislife/controllers/default.py: 0
[2015-02-21 21:02:49] EDIT ballislife/views/default/stats.html: 0
[2015-02-21 21:54:23] EDIT ballislife/controllers/default.py: 9
[2015-02-21 21:54:40] EDIT ballislife/controllers/default.py: 0
[2015-02-21 21:54:42] EDIT ballislife/controllers/default.py: 0
[2015-02-21 21:54:42] EDIT ballislife/controllers/default.py: 0
[2015-02-21 21:55:08] EDIT ballislife/controllers/default.py: -3
[2015-02-21 21:56:45] EDIT ballislife/controllers/default.py: 0
[2015-02-21 21:57:59] EDIT ballislife/controllers/default.py: 2
[2015-02-21 21:58:55] EDIT ballislife/controllers/default.py: 0
[2015-02-21 22:04:23] EDIT ballislife/controllers/default.py: 24
[2015-02-21 22:09:48] EDIT ballislife/controllers/default.py: 22
[2015-02-21 22:10:06] EDIT ballislife/controllers/default.py: 0
[2015-02-21 22:12:25] EDIT ballislife/controllers/default.py: 0
[2015-02-21 22:16:10] EDIT ballislife/controllers/default.py: 6
[2015-02-21 22:16:20] EDIT ballislife/controllers/default.py: 1
[2015-02-21 22:16:31] EDIT ballislife/controllers/default.py: 0
[2015-02-21 22:16:42] EDIT ballislife/controllers/default.py: 1
[2015-02-21 22:17:07] EDIT ballislife/controllers/default.py: 0
[2015-02-21 22:17:34] EDIT ballislife/controllers/default.py: 1
[2015-02-21 22:18:06] EDIT ballislife/controllers/default.py: -1
[2015-02-21 22:18:54] EDIT ballislife/controllers/default.py: 0
[2015-02-21 22:19:17] EDIT ballislife/controllers/default.py: -2
[2015-02-21 22:21:35] EDIT ballislife/controllers/default.py: -5
[2015-02-21 22:22:03] EDIT ballislife/controllers/default.py: 0
[2015-02-21 22:22:55] EDIT ballislife/controllers/default.py: 0
[2015-02-21 22:24:31] EDIT ballislife/controllers/default.py: 4
[2015-02-21 22:24:40] EDIT ballislife/controllers/default.py: 0
[2015-02-21 22:24:52] EDIT ballislife/controllers/default.py: 0
[2015-02-21 22:31:00] EDIT ballislife/controllers/default.py: 2
[2015-02-21 22:33:12] EDIT ballislife/controllers/default.py: 0
[2015-02-21 22:33:48] EDIT ballislife/controllers/default.py: 0
[2015-02-21 22:35:37] EDIT ballislife/controllers/default.py: 0
[2015-02-21 22:36:34] EDIT ballislife/controllers/default.py: 0
[2015-02-21 22:36:45] EDIT ballislife/controllers/default.py: 0
[2015-02-21 22:38:09] EDIT ballislife/controllers/default.py: 0
[2015-02-21 22:38:37] EDIT ballislife/controllers/default.py: 0
[2015-02-21 22:38:41] EDIT ballislife/views/default/stats.html: 0
[2015-02-21 22:38:50] EDIT ballislife/views/default/stats.html: 0
[2015-02-21 22:39:23] EDIT ballislife/controllers/default.py: 0
[2015-02-21 22:40:30] EDIT ballislife/controllers/default.py: 1
[2015-02-21 22:41:06] EDIT ballislife/controllers/default.py: -1
[2015-02-21 22:42:14] EDIT ballislife/controllers/default.py: 1
[2015-02-21 22:42:51] EDIT ballislife/controllers/default.py: 0
[2015-02-21 22:43:04] EDIT ballislife/controllers/default.py: 0
[2015-02-21 22:44:29] EDIT ballislife/controllers/default.py: 0
[2015-02-21 22:44:53] EDIT ballislife/controllers/default.py: 0
[2015-02-21 22:45:49] EDIT ballislife/controllers/default.py: 0
[2015-02-21 22:54:12] EDIT ballislife/controllers/default.py: 0
[2015-02-21 22:54:59] EDIT ballislife/controllers/default.py: 1
[2015-02-21 22:56:46] EDIT ballislife/controllers/default.py: -1
[2015-02-21 22:57:07] EDIT ballislife/controllers/default.py: 0
[2015-02-21 22:57:24] EDIT ballislife/controllers/default.py: 1
[2015-02-21 22:57:52] EDIT ballislife/controllers/default.py: 0
[2015-02-21 23:00:58] EDIT ballislife/controllers/default.py: 1
[2015-02-21 23:01:47] EDIT ballislife/controllers/default.py: -1
[2015-02-21 23:04:27] EDIT ballislife/controllers/default.py: 0
[2015-02-21 23:23:24] EDIT ballislife/static/team_players.json: 0
[2015-02-21 23:24:31] EDIT ballislife/controllers/default.py: 1
[2015-02-21 23:27:17] EDIT ballislife/controllers/default.py: 2
[2015-02-21 23:27:28] EDIT ballislife/controllers/default.py: 0
[2015-02-21 23:27:38] EDIT ballislife/views/default/stats.html: 0
[2015-02-21 23:28:02] EDIT ballislife/controllers/default.py: 0
[2015-02-21 23:28:34] EDIT ballislife/controllers/default.py: 0
[2015-02-21 23:28:39] EDIT ballislife/views/default/stats.html: 0
[2015-02-21 23:40:01] EDIT ballislife/controllers/default.py: 0
[2015-02-21 23:40:15] EDIT ballislife/controllers/default.py: 0
[2015-02-21 23:40:26] EDIT ballislife/controllers/default.py: 0
[2015-02-21 23:49:25] EDIT ballislife/controllers/default.py: 0
[2015-02-21 23:49:45] EDIT ballislife/controllers/default.py: 0
[2015-02-21 23:52:10] EDIT ballislife/controllers/default.py: 0
[2015-02-21 23:52:15] EDIT ballislife/controllers/default.py: 0
[2015-02-21 23:52:50] EDIT ballislife/controllers/default.py: 0
[2015-02-21 23:55:46] EDIT ballislife/controllers/default.py: 0
[2015-02-21 23:56:02] EDIT ballislife/controllers/default.py: 0
[2015-02-22 00:00:23] EDIT ballislife/controllers/default.py: 0
[2015-02-22 00:01:01] EDIT ballislife/controllers/default.py: 1
[2015-02-22 00:01:34] EDIT ballislife/views/default/stats.html: 0
[2015-02-22 00:01:40] EDIT ballislife/views/default/stats.html: 0
[2015-02-22 00:01:50] EDIT ballislife/views/default/stats.html: 0
[2015-02-22 00:02:16] EDIT ballislife/controllers/default.py: 0
[2015-02-22 00:02:45] EDIT ballislife/controllers/default.py: 0
[2015-02-22 00:02:51] EDIT ballislife/views/default/stats.html: 0
[2015-02-22 18:31:21] EDIT ballislife/controllers/default.py: 0
[2015-02-22 18:31:48] EDIT ballislife/controllers/default.py: 0
[2015-02-22 18:33:30] EDIT ballislife/controllers/default.py: 0
[2015-02-22 18:34:18] EDIT ballislife/controllers/default.py: 0
[2015-02-22 18:34:56] EDIT ballislife/views/default/stats.html: 0
[2015-02-22 18:35:43] EDIT ballislife/controllers/default.py: 0
[2015-02-22 18:36:03] EDIT ballislife/controllers/default.py: -1
[2015-02-22 18:38:33] EDIT ballislife/controllers/default.py: -1
[2015-02-22 18:38:40] EDIT ballislife/controllers/default.py: 0
[2015-02-22 18:38:56] EDIT ballislife/views/default/stats.html: 0
[2015-02-22 18:39:05] EDIT ballislife/controllers/default.py: 0
[2015-02-22 18:41:06] EDIT ballislife/controllers/default.py: 0
[2015-02-22 18:41:15] EDIT ballislife/controllers/default.py: 0
[2015-02-22 18:55:10] EDIT ballislife/controllers/default.py: 2
[2015-02-22 18:58:14] EDIT ballislife/controllers/default.py: -2
[2015-02-22 19:27:20] EDIT ballislife/controllers/default.py: 0
[2015-02-22 19:27:33] EDIT ballislife/controllers/default.py: 0
[2015-02-22 19:28:32] EDIT ballislife/controllers/default.py: 1
[2015-02-22 19:28:55] EDIT ballislife/controllers/default.py: 0
[2015-02-22 19:29:52] EDIT ballislife/controllers/default.py: 0
[2015-02-22 19:30:20] EDIT ballislife/controllers/default.py: 0
[2015-02-22 19:30:34] EDIT ballislife/controllers/default.py: 0
[2015-02-22 19:31:08] EDIT ballislife/controllers/default.py: 0
[2015-02-22 19:31:38] EDIT ballislife/controllers/default.py: -1
[2015-02-22 19:31:52] EDIT ballislife/controllers/default.py: 0
[2015-02-22 19:35:21] EDIT ballislife/controllers/default.py: 0
[2015-02-22 19:37:00] EDIT ballislife/controllers/default.py: 0
[2015-02-22 22:44:10] EDIT ballislife/controllers/default.py: 0
[2015-02-22 23:08:26] EDIT ballislife/controllers/default.py: 0
[2015-02-22 23:20:31] EDIT ballislife/views/default/stats.html: 0
[2015-02-22 23:20:59] EDIT ballislife/views/default/stats.html: 0
