[2015-02-16 02:28:16] START
[2015-02-16 02:30:26] EDIT ballislife/views/generic.html: -6
[2015-02-16 02:30:55] EDIT ballislife/views/generic.html: 6
[2015-02-16 02:31:01] EDIT ballislife/views/default/index.html: -24
[2015-02-16 02:33:24] EDIT ballislife/views/default/index.html: 0
[2015-02-16 03:00:06] EDIT ballislife/views/default/index.html: 7
[2015-02-16 03:01:01] EDIT ballislife/views/default/index.html: 0
[2015-02-16 03:06:14] EDIT ballislife/views/layout.html: -74
[2015-02-16 03:06:25] EDIT ballislife/views/layout.html: 22
[2015-02-16 03:06:36] EDIT ballislife/views/layout.html: 52
[2015-02-16 03:08:07] EDIT ballislife/views/layout.html: 0
[2015-02-16 03:08:34] EDIT ballislife/views/layout.html: 0
[2015-02-16 03:08:45] EDIT ballislife/views/layout.html: 0
[2015-02-16 03:10:35] EDIT ballislife/views/default/index.html: -1
[2015-02-16 03:19:03] EDIT ballislife/views/default/index.html: 9
[2015-02-16 03:20:17] EDIT ballislife/views/default/index.html: 0
[2015-02-16 03:20:29] EDIT ballislife/views/default/index.html: -1
[2015-02-16 03:22:33] EDIT ballislife/views/default/index.html: 0
[2015-02-16 03:24:16] EDIT ballislife/views/default/index.html: 0
[2015-02-16 03:26:21] EDIT ballislife/static/css/bootstrap.min.css: 0
[2015-02-16 03:26:31] EDIT ballislife/static/css/bootstrap.min.css: 0
[2015-02-16 03:27:27] EDIT ballislife/views/default/index.html: 0
[2015-02-16 03:28:07] EDIT ballislife/static/css/bootstrap.min.css: 0
[2015-02-16 03:28:15] EDIT ballislife/static/css/bootstrap.min.css: 0
[2015-02-16 03:32:55] EDIT ballislife/views/default/index.html: 1
[2015-02-16 03:36:23] EDIT ballislife/views/default/index.html: 0
[2015-02-16 03:40:52] EDIT ballislife/views/default/index.html: -6
[2015-02-16 03:44:10] EDIT ballislife/views/default/index.html: 1
[2015-02-16 03:47:45] EDIT ballislife/views/default/index.html: 4
[2015-02-16 03:49:07] EDIT ballislife/views/default/index.html: 10
[2015-02-16 03:49:32] EDIT ballislife/views/default/index.html: -1
[2015-02-16 03:50:29] EDIT ballislife/views/default/index.html: 0
[2015-02-16 03:50:44] EDIT ballislife/views/default/index.html: 0
[2015-02-16 03:52:32] EDIT ballislife/views/default/index.html: 0
[2015-02-16 03:52:41] EDIT ballislife/views/default/index.html: 0
[2015-02-16 03:52:51] EDIT ballislife/views/default/index.html: -3
[2015-02-16 03:53:28] EDIT ballislife/views/default/index.html: 0
[2015-02-16 03:53:46] EDIT ballislife/views/default/index.html: -1
[2015-02-16 03:54:55] EDIT ballislife/views/default/index.html: 3
[2015-02-16 03:55:04] EDIT ballislife/views/default/index.html: -1
[2015-02-16 03:55:22] EDIT ballislife/views/default/index.html: 0
[2015-02-16 03:57:37] EDIT ballislife/views/default/index.html: 3
[2015-02-16 03:57:58] EDIT ballislife/views/default/index.html: 0
[2015-02-16 03:58:24] EDIT ballislife/views/default/index.html: 30
[2015-02-16 03:59:13] EDIT ballislife/views/default/index.html: -31
[2015-02-16 04:00:23] EDIT ballislife/views/default/index.html: 3
[2015-02-16 04:01:32] EDIT ballislife/views/default/index.html: 6
[2015-02-16 04:01:55] EDIT ballislife/views/default/index.html: 1
[2015-02-16 04:02:30] EDIT ballislife/views/layout.html: -22
[2015-02-16 04:02:44] EDIT ballislife/views/layout.html: -14
[2015-02-16 04:03:03] EDIT ballislife/views/layout.html: -38
[2015-02-16 04:03:24] EDIT ballislife/views/layout.html: 24
[2015-02-16 04:03:40] EDIT ballislife/views/layout.html: -23
[2015-02-16 04:04:36] EDIT ballislife/views/layout.html: 22
[2015-02-16 04:04:57] EDIT ballislife/views/layout.html: -21
[2015-02-16 04:05:10] EDIT ballislife/views/layout.html: 16
[2015-02-16 04:05:29] EDIT ballislife/views/layout.html: -11
[2015-02-16 04:05:40] EDIT ballislife/views/layout.html: 0
[2015-02-16 04:06:01] EDIT ballislife/views/default/index.html: -3
[2015-02-16 04:06:07] EDIT ballislife/views/default/index.html: -6
[2015-02-16 04:06:32] EDIT ballislife/views/default/index.html: 1
[2015-02-16 04:06:45] EDIT ballislife/views/default/index.html: 0
[2015-02-16 04:06:53] EDIT ballislife/views/default/index.html: 0
[2015-02-16 04:07:03] EDIT ballislife/views/default/index.html: 0
[2015-02-16 04:07:12] EDIT ballislife/views/default/index.html: 0
[2015-02-16 04:07:26] EDIT ballislife/views/default/index.html: 1
[2015-02-16 04:07:33] EDIT ballislife/views/default/index.html: 0
[2015-02-16 04:07:51] EDIT ballislife/views/default/index.html: 0
[2015-02-16 04:08:26] EDIT ballislife/views/default/index.html: 0
[2015-02-16 04:08:46] EDIT ballislife/views/default/index.html: 1
[2015-02-16 04:08:55] EDIT ballislife/views/default/index.html: 0
[2015-02-16 04:09:10] EDIT ballislife/views/default/index.html: 0
[2015-02-16 04:09:36] EDIT ballislife/views/default/index.html: 1
[2015-02-16 04:10:21] EDIT ballislife/views/default/index.html: -1
[2015-02-16 04:10:29] EDIT ballislife/views/default/index.html: -1
[2015-02-16 04:10:33] EDIT ballislife/views/default/index.html: 0
[2015-02-16 04:10:48] EDIT ballislife/views/default/index.html: 0
[2015-02-16 04:10:57] EDIT ballislife/views/default/index.html: -1
[2015-02-16 04:13:25] EDIT ballislife/views/default/index.html: 1
[2015-02-16 04:13:33] EDIT ballislife/views/default/index.html: 0
[2015-02-16 04:13:43] EDIT ballislife/views/default/index.html: 0
[2015-02-16 04:15:33] EDIT ballislife/views/default/index.html: 8
[2015-02-16 04:15:41] EDIT ballislife/views/default/index.html: 0
[2015-02-16 04:16:02] EDIT ballislife/views/default/index.html: -5
[2015-02-16 04:16:41] EDIT ballislife/views/default/index.html: 3
[2015-02-16 04:17:14] EDIT ballislife/views/default/index.html: 1
[2015-02-16 04:17:50] EDIT ballislife/views/default/index.html: 0
[2015-02-16 04:18:07] EDIT ballislife/views/default/index.html: 1
[2015-02-16 04:18:43] EDIT ballislife/views/default/index.html: 0
[2015-02-16 04:18:52] EDIT ballislife/views/default/index.html: 0
[2015-02-16 04:19:00] EDIT ballislife/views/default/index.html: 0
[2015-02-16 04:19:08] EDIT ballislife/views/default/index.html: 0
[2015-02-16 04:19:15] EDIT ballislife/views/default/index.html: 0
[2015-02-16 04:19:23] EDIT ballislife/views/default/index.html: 0
[2015-02-16 04:19:47] EDIT ballislife/views/default/index.html: 0
[2015-02-16 04:20:02] EDIT ballislife/views/default/index.html: 0
[2015-02-16 04:20:10] EDIT ballislife/views/default/index.html: 0
[2015-02-16 04:20:42] EDIT ballislife/views/default/index.html: 1
[2015-02-16 04:20:55] EDIT ballislife/views/default/index.html: 0
[2015-02-16 04:21:05] EDIT ballislife/views/default/index.html: 0
[2015-02-16 04:21:32] EDIT ballislife/views/default/index.html: 1
[2015-02-16 04:25:06] EDIT ballislife/views/default/index.html: 0
[2015-02-16 04:25:15] EDIT ballislife/views/default/index.html: 0
[2015-02-16 04:25:26] EDIT ballislife/views/default/index.html: 0
[2015-02-16 04:25:36] EDIT ballislife/views/default/index.html: 0
[2015-02-16 04:26:19] EDIT ballislife/views/default/index.html: 0
[2015-02-16 04:27:21] EDIT ballislife/views/default/index.html: 0
[2015-02-16 04:27:43] EDIT ballislife/views/default/index.html: 0
[2015-02-16 04:27:56] EDIT ballislife/views/default/index.html: 0
[2015-02-16 04:28:03] EDIT ballislife/views/default/index.html: 0
[2015-02-16 04:28:23] EDIT ballislife/views/default/index.html: 0
[2015-02-16 04:28:30] EDIT ballislife/views/default/index.html: 0
[2015-02-16 04:28:39] EDIT ballislife/views/default/index.html: 0
[2015-02-16 04:28:47] EDIT ballislife/views/default/index.html: 0
[2015-02-16 04:29:13] EDIT ballislife/views/default/index.html: 3
[2015-02-16 04:29:34] EDIT ballislife/views/default/index.html: 0
[2015-02-16 04:29:37] EDIT ballislife/views/default/index.html: 0
[2015-02-16 04:29:53] EDIT ballislife/views/default/index.html: 0
[2015-02-16 04:30:04] EDIT ballislife/views/default/index.html: 0
[2015-02-16 04:30:12] EDIT ballislife/views/default/index.html: 0
[2015-02-16 04:30:54] EDIT ballislife/views/default/index.html: 1
[2015-02-16 04:31:05] EDIT ballislife/views/default/index.html: 0
[2015-02-16 04:31:26] EDIT ballislife/views/default/index.html: 0
[2015-02-16 04:31:38] EDIT ballislife/views/default/index.html: 0
[2015-02-16 04:31:46] EDIT ballislife/views/default/index.html: 0
[2015-02-16 04:32:13] EDIT ballislife/views/default/index.html: 0
[2015-02-16 04:32:21] EDIT ballislife/views/default/index.html: -1
[2015-02-16 04:32:52] EDIT ballislife/views/default/index.html: 0
[2015-02-16 04:34:11] EDIT ballislife/views/default/index.html: 2
[2015-02-16 04:34:43] EDIT ballislife/views/default/index.html: 0
[2015-02-16 04:35:01] EDIT ballislife/views/default/index.html: 2
[2015-02-16 04:35:06] EDIT ballislife/views/default/index.html: 0
[2015-02-16 04:35:23] EDIT ballislife/views/default/index.html: -3
[2015-02-16 04:35:36] EDIT ballislife/views/default/index.html: 2
[2015-02-16 04:35:44] EDIT ballislife/views/default/index.html: 0
[2015-02-16 04:36:05] EDIT ballislife/views/default/index.html: 1
[2015-02-16 04:36:43] EDIT ballislife/views/default/index.html: 1
[2015-02-16 04:37:05] EDIT ballislife/views/default/index.html: 0
[2015-02-16 04:37:24] EDIT ballislife/views/default/index.html: 1
[2015-02-16 04:38:07] EDIT ballislife/views/default/index.html: 1
[2015-02-16 04:38:37] EDIT ballislife/views/default/index.html: 0
[2015-02-16 04:39:06] EDIT ballislife/views/default/index.html: 0
[2015-02-16 04:39:49] EDIT ballislife/views/default/index.html: 1
[2015-02-16 04:40:19] EDIT ballislife/views/default/index.html: 0
[2015-02-16 04:40:21] EDIT ballislife/views/default/index.html: 0
[2015-02-16 04:41:11] EDIT ballislife/views/default/index.html: 1
[2015-02-16 04:43:25] EDIT ballislife/views/default/index.html: 6
[2015-02-16 04:43:56] EDIT ballislife/views/default/index.html: 2
[2015-02-16 04:46:17] EDIT ballislife/views/default/index.html: -3
[2015-02-16 04:46:37] EDIT ballislife/views/default/index.html: 3
[2015-02-16 04:46:47] EDIT ballislife/views/default/index.html: 0
[2015-02-16 04:47:14] EDIT ballislife/views/default/index.html: -5
[2015-02-16 04:47:38] EDIT ballislife/views/default/index.html: 1
[2015-02-16 04:47:38] EDIT ballislife/views/default/index.html: 0
[2015-02-16 04:48:01] EDIT ballislife/views/default/index.html: -2
[2015-02-16 04:48:40] EDIT ballislife/views/default/index.html: 0
[2015-02-16 04:49:59] EDIT ballislife/views/default/index.html: 1
[2015-02-16 04:50:11] EDIT ballislife/views/default/index.html: -1
[2015-02-16 04:50:17] EDIT ballislife/views/default/index.html: 1
[2015-02-16 04:51:50] EDIT ballislife/views/default/index.html: 5
[2015-02-16 04:52:03] EDIT ballislife/views/default/index.html: 3
[2015-02-16 04:52:20] EDIT ballislife/views/default/index.html: 0
[2015-02-16 04:54:00] EDIT ballislife/views/default/index.html: -3
[2015-02-16 04:54:15] EDIT ballislife/views/default/index.html: 0
[2015-02-16 04:54:32] EDIT ballislife/views/default/index.html: 0
[2015-02-16 04:54:50] EDIT ballislife/views/default/index.html: 0
[2015-02-16 04:55:05] EDIT ballislife/views/default/index.html: 4
[2015-02-16 04:55:45] EDIT ballislife/views/default/index.html: 1
[2015-02-16 04:55:55] EDIT ballislife/views/default/index.html: -2
[2015-02-16 04:56:45] EDIT ballislife/views/default/index.html: 0
[2015-02-16 04:57:20] EDIT ballislife/views/default/index.html: 1
[2015-02-16 04:58:05] EDIT ballislife/views/default/index.html: -1
[2015-02-16 04:58:20] EDIT ballislife/views/default/index.html: 1
[2015-02-16 04:58:39] EDIT ballislife/views/default/index.html: -1
[2015-02-16 04:59:03] EDIT ballislife/views/default/index.html: -1
[2015-02-16 05:02:36] EDIT ballislife/views/default/index.html: 0
[2015-02-16 05:03:12] EDIT ballislife/views/default/index.html: 3
[2015-02-16 05:03:21] EDIT ballislife/views/default/index.html: 0
[2015-02-16 05:03:31] EDIT ballislife/views/default/index.html: 0
[2015-02-16 05:03:59] EDIT ballislife/views/default/index.html: -3
[2015-02-16 05:05:26] EDIT ballislife/views/default/index.html: 2
[2015-02-16 05:05:52] EDIT ballislife/views/default/index.html: 3
[2015-02-16 05:06:05] EDIT ballislife/views/default/index.html: 0
[2015-02-16 05:06:15] EDIT ballislife/views/default/index.html: -3
[2015-02-16 05:06:49] EDIT ballislife/views/default/index.html: 0
[2015-02-16 05:07:14] EDIT ballislife/views/default/index.html: 3
[2015-02-16 05:08:18] EDIT ballislife/views/default/index.html: 0
[2015-02-16 05:10:04] EDIT ballislife/controllers/default.py: 1
[2015-02-16 05:10:17] EDIT ballislife/views/default/index.html: 0
[2015-02-16 05:10:27] EDIT ballislife/views/default/index.html: 0
[2015-02-16 05:10:59] EDIT ballislife/views/default/index.html: -9
[2015-02-16 05:13:14] EDIT ballislife/views/default/index.html: 0
